<?xml version="1.0" encoding="UTF-8"?>
<testsuite xmlns:xsi="http://www.w3.org/2001/XMLSchema-instance" xsi:noNamespaceSchemaLocation="https://maven.apache.org/surefire/maven-surefire-plugin/xsd/surefire-test-report.xsd" name="TestSuite" time="29.183" tests="3" errors="0" skipped="0" failures="0">
  <properties>
[...]
</properties>
  <testcase name="createProperties" classname="denodoproject.test001GET" time="13.259"/>
  <testcase name="test001" classname="denodoproject.test001GET" time="6.246"/>
  <testcase name="test002" classname="denodoproject.test001GET" time="9.208"/>
</testsuite>