<?xml version="1.0" encoding="UTF-8"?>
<testng-results ignored="0" total="3" passed="3" failed="0" skipped="0">
  <reporter-output>
  </reporter-output>
  <suite started-at="2022-10-20T22:36:32 IST" name="Suite" finished-at="2022-10-20T22:36:50 IST" duration-ms="17929">
    <groups>
    </groups>
    <test started-at="2022-10-20T22:36:32 IST" name="Test" finished-at="2022-10-20T22:36:50 IST" duration-ms="17929">
      <class name="denodoproject.test001GET">
        <test-method signature="createProperties()[pri:0, instance:denodoproject.test001GET@44a7bfbc]" started-at="2022-10-20T22:36:32 IST" name="createProperties" finished-at="2022-10-20T22:36:41 IST" duration-ms="8927" status="PASS">
          <reporter-output>
          </reporter-output>
        </test-method> <!-- createProperties -->
        <test-method signature="test001()[pri:0, instance:denodoproject.test001GET@44a7bfbc]" started-at="2022-10-20T22:36:41 IST" name="test001" finished-at="2022-10-20T22:36:47 IST" depends-on-methods="denodoproject.test001GET.createProperties" duration-ms="6222" status="PASS">
          <reporter-output>
          </reporter-output>
        </test-method> <!-- test001 -->
        <test-method signature="test002()[pri:0, instance:denodoproject.test001GET@44a7bfbc]" started-at="2022-10-20T22:36:47 IST" name="test002" finished-at="2022-10-20T22:36:50 IST" depends-on-methods="denodoproject.test001GET.test001" duration-ms="2727" status="PASS">
          <reporter-output>
          </reporter-output>
        </test-method> <!-- test002 -->
      </class> <!-- denodoproject.test001GET -->
    </test> <!-- Test -->
  </suite> <!-- Suite -->
</testng-results>
