<?xml version="1.0" encoding="UTF-8"?>
<!-- Generated by org.testng.reporters.JUnitXMLReporter -->
<testsuite hostname="vm-etp-dfe-soln" ignored="0" name="Test" tests="3" failures="0" timestamp="2022-12-14T14:38:48 UTC" time="28.746" errors="0">
  <testcase name="createProperties" time="13.259" classname="denodoproject.test001GET"/>
  <testcase name="test001" time="6.246" classname="denodoproject.test001GET"/>
  <testcase name="test002" time="9.208" classname="denodoproject.test001GET"/>
</testsuite> <!-- Test -->
