<?xml version="1.0" encoding="UTF-8"?>
<!-- Generated by org.testng.reporters.JUnitXMLReporter -->
<testsuite ignored="0" hostname="THBSGVLPT-0847" failures="0" tests="3" name="Test" time="17.929" errors="0" timestamp="2022-10-20T22:36:50 IST">
  <testcase classname="denodoproject.test001GET" name="createProperties" time="8.927"/>
  <testcase classname="denodoproject.test001GET" name="test001" time="6.222"/>
  <testcase classname="denodoproject.test001GET" name="test002" time="2.727"/>
</testsuite> <!-- Test -->
